<?xml version="1.0" encoding="UTF-8"?>
<!-- Generated by org.testng.reporters.JUnitReportReporter -->
<testsuite hostname="LAPTOP-5MOJ5J68" failures="0" tests="1" name="com.testcases.LoginTest" time="6.697" errors="0" timestamp="2024-01-27T10:15:18 IST" skipped="0">
  <testcase classname="com.testcases.LoginTest" name="login" time="6.697"/>
</testsuite> <!-- com.testcases.LoginTest -->
