<?xml version="1.0" encoding="UTF-8"?>
<!-- Generated by org.testng.reporters.JUnitReportReporter -->
<testsuite hostname="LAPTOP-5MOJ5J68" failures="0" tests="1" name="com.testcases.Tc_login" time="6.806" errors="0" timestamp="2024-01-27T21:41:34 IST" skipped="0">
  <testcase classname="com.testcases.Tc_login" name="login" time="6.806"/>
</testsuite> <!-- com.testcases.Tc_login -->
