<?xml version="1.0" encoding="UTF-8"?>
<!-- Generated by org.testng.reporters.JUnitReportReporter -->
<testsuite hostname="LAPTOP-5MOJ5J68" failures="0" tests="4" name="com.testcases.Tc_Admin" time="49.277" errors="0" timestamp="2024-02-03T12:30:02 IST" skipped="0">
  <testcase classname="com.testcases.Tc_Admin" name="login" time="4.319"/>
  <testcase classname="com.testcases.Tc_Admin" name="Admin" time="22.977"/>
  <testcase classname="com.testcases.Tc_Admin" name="edit" time="14.851"/>
  <testcase classname="com.testcases.Tc_Admin" name="delete" time="7.130"/>
</testsuite> <!-- com.testcases.Tc_Admin -->
