<?xml version="1.0" encoding="UTF-8"?>
<!-- Generated by org.testng.reporters.JUnitReportReporter -->
<testsuite hostname="LAPTOP-5MOJ5J68" failures="0" tests="2" name="com.testcases.Tc_BloodDonations" time="24.082" errors="0" timestamp="2024-02-06T08:29:23 IST" skipped="0">
  <testcase classname="com.testcases.Tc_BloodDonations" name="login" time="5.205"/>
  <testcase classname="com.testcases.Tc_BloodDonations" name="BloodDonations" time="18.877"/>
</testsuite> <!-- com.testcases.Tc_BloodDonations -->
